
*** Running vivado
    with args -log sortMainTester.vds -m64 -mode batch -messageDb vivado.pb -notrace -source sortMainTester.tcl

WARNING: Default location for XILINX_VIVADO_HLS not found: 

****** Vivado v2015.2 (64-bit)
  **** SW Build 1266856 on Fri Jun 26 16:35:25 MDT 2015
  **** IP Build 1264090 on Wed Jun 24 14:22:01 MDT 2015
    ** Copyright 1986-2015 Xilinx, Inc. All Rights Reserved.

source sortMainTester.tcl -notrace
Command: synth_design -top sortMainTester -part xc7a35tcpg236-1
Starting synth_design
Attempting to get a license for feature 'Synthesis' and/or device 'xc7a35t'
INFO: [Common 17-349] Got license for feature 'Synthesis' and/or device 'xc7a35t'
INFO: [Common 17-1223] The version limit for your license is '2016.12' and will expire in -2178 days. A version limit expiration means that, although you may be able to continue to use the current version of tools or IP with this license, you will not be eligible for any updates or new releases.
ERROR: [Synth 8-1031] unsortedArray is not declared [D:/Users/TEMP/Desktop/project 223/project223.srcs/sources_1/new/ALUSort.sv:48]
ERROR: [Synth 8-1031] unsortedArray is not declared [D:/Users/TEMP/Desktop/project 223/project223.srcs/sources_1/new/ALUSort.sv:52]
ERROR: [Synth 8-1031] unsortedArray is not declared [D:/Users/TEMP/Desktop/project 223/project223.srcs/sources_1/new/ALUSort.sv:54]
INFO: [Synth 8-2350] module ALUSort ignored due to previous errors [D:/Users/TEMP/Desktop/project 223/project223.srcs/sources_1/new/ALUSort.sv:23]
Failed to read verilog 'D:/Users/TEMP/Desktop/project 223/project223.srcs/sources_1/new/ALUSort.sv'
INFO: [Common 17-83] Releasing license: Synthesis
4 Infos, 0 Warnings, 0 Critical Warnings and 4 Errors encountered.
synth_design failed
ERROR: [Common 17-69] Command failed: Vivado Synthesis failed
INFO: [Common 17-206] Exiting Vivado at Sun Dec 18 19:31:46 2022...
